Sat Jul 29 14:24:00 PDT 2017 # Analysis Began
Provided cluster nodes: 1000
Job counts:
	count	jobs
	1	bam2bw
	1	bam_finalize
	1	bam_markdup
	1	phantom
	1	vanilla
	5

rule bam_markdup:
    input: bam/test.filt.srt.bam, qc/test.filt.flagstat.qc
    output: bam/test.dupmark.bam, qc/test.dup.flagstat.qc
    log: logs/markdup/test.markdup.log
    jobid: 4
    wildcards: sample=test
    threads: 3

java -Xmx12G -XX:ParallelGCThreads=3 -jar /home/shz254/Pipelines/chip-seq-pipeline/bin/../dependencies/picard.jar MarkDuplicates TMP_DIR=tmp/test INPUT=bam/test.filt.srt.bam OUTPUT=bam/test.dupmark.bam METRICS_FILE=qc/test.dup.flagstat.qc VALIDATION_STRINGENCY=LENIENT ASSUME_SORTED=true REMOVE_DUPLICATES=false 2> logs/markdup/test.markdup.log
Removing temporary output file bam/test.filt.srt.bam.
Finished job 4.
1 of 5 steps (20%) done

rule bam_finalize:
    input: bam/test.dupmark.bam, qc/test.dup.flagstat.qc
    output: bam/test.filt.nodup.srt.bam, qc/test.filt.nodup.srt.flagstat.qc, qc/test.filt.nodup.srt.pbc.qc
    jobid: 1
    wildcards: sample=test

samtools view -F 1804 -b bam/test.dupmark.bam > bam/test.filt.nodup.srt.bam;samtools index bam/test.filt.nodup.srt.bam;samtools flagstat bam/test.filt.nodup.srt.bam > qc/test.filt.nodup.srt.flagstat.qc;bedtools bamtobed -i bam/test.dupmark.bam |awk 'BEGIN{OFS="\t"}{print $1,$2,$3,$6}' |grep -v 'chrM' | sort -T tmp/test | uniq -c |awk 'BEGIN{mt=0;m0=0;m1=0;m2=0} ($1==1){m1=m1+1} ($1==2){m2=m2+1}{m0=m0+1}{mt=mt+$1} END{printf"%d\t%d\t%d\t%d\t%f\t%f\t%f\n",mt,m0,m1,m2,m0/mt,m1/m0,m1/m2}' > qc/test.filt.nodup.srt.pbc.qc
Error in job bam_finalize while creating output files bam/test.filt.nodup.srt.bam, qc/test.filt.nodup.srt.flagstat.qc, qc/test.filt.nodup.srt.pbc.qc.
ClusterJobException in line 74 of /home/shz254/Pipelines/chip-seq-pipeline/bin/Snakefile:
Error executing rule bam_finalize on cluster (jobid: 1, external: 9277526.tscc-mgr.local, jobscript: /home/shz254/Pipelines/chip-seq-pipeline/example/.snakemake/tmp.05pua1s8/bam_finalize.1.pbs). For detailed error see the cluster log.
Job failed, going on with independent jobs.
Exiting because a job execution failed. Look above for error message
Sat Jul 29 14:26:02 PDT 2017 # Analysis finished
