Sat Jul 29 14:45:56 PDT 2017 # Analysis Began
Provided cluster nodes: 1000
Job counts:
	count	jobs
	1	bam2bw
	1	bam_finalize
	1	bam_markdup
	1	bwa_map
	1	phantom
	1	vanilla
	6

rule bwa_map:
    input: fastq/test.fastq.bz2
    output: qc/test.filt.flagstat.qc, qc/test.raw.flagstat.qc, bam/test.filt.srt.bam, bam/test.raw.sai, bam/test.raw.srt.bam
    log: logs/bwa_map/test.log
    jobid: 5
    wildcards: sample=test
    threads: 6

bash /home/huh025/chip-seq-pipeline/bin/..//bin/bwa_aln_fmt_autodetect.sh 6 /oasis/tscc/scratch/bil022/HiC/ref/hg19.fa fastq/test.fastq.bz2 bam/test.raw.sai logs/bwa_map/test.log|samtools view -@ 6 -Su - |samtools sort -@ 6 -m 4G - -T test -o bam/test.raw.srt.bam;samtools flagstat bam/test.raw.srt.bam > qc/test.raw.flagstat.qc;samtools view -@ 6 -F 1804 -q 30 -b bam/test.raw.srt.bam > bam/test.filt.srt.bam;samtools flagstat bam/test.filt.srt.bam > qc/test.filt.flagstat.qc
Removing temporary output file bam/test.raw.sai.
Removing temporary output file bam/test.raw.srt.bam.
Finished job 5.
1 of 6 steps (17%) done

rule bam_markdup:
    input: qc/test.filt.flagstat.qc, bam/test.filt.srt.bam
    output: qc/test.dup.flagstat.qc, bam/test.dupmark.bam
    log: logs/markdup/test.markdup.log
    jobid: 4
    wildcards: sample=test
    threads: 3

java -Xmx12G -XX:ParallelGCThreads=3 -jar /home/huh025/chip-seq-pipeline/bin/../dependencies/picard.jar MarkDuplicates TMP_DIR=tmp/test INPUT=bam/test.filt.srt.bam OUTPUT=bam/test.dupmark.bam METRICS_FILE=qc/test.dup.flagstat.qc VALIDATION_STRINGENCY=LENIENT ASSUME_SORTED=true REMOVE_DUPLICATES=false 2> logs/markdup/test.markdup.log
Removing temporary output file bam/test.filt.srt.bam.
Finished job 4.
2 of 6 steps (33%) done

rule bam_finalize:
    input: qc/test.dup.flagstat.qc, bam/test.dupmark.bam
    output: qc/test.filt.nodup.srt.flagstat.qc, qc/test.filt.nodup.srt.pbc.qc, bam/test.filt.nodup.srt.bam
    jobid: 3
    wildcards: sample=test

samtools view -F 1804 -b bam/test.dupmark.bam > bam/test.filt.nodup.srt.bam;samtools index bam/test.filt.nodup.srt.bam;samtools flagstat bam/test.filt.nodup.srt.bam > qc/test.filt.nodup.srt.flagstat.qc;bedtools bamtobed -i bam/test.dupmark.bam |awk 'BEGIN{OFS="\t"}{print $1,$2,$3,$6}' |grep -v 'chrM' | sort -T tmp/test | uniq -c |awk 'BEGIN{mt=0;m0=0;m1=0;m2=0} ($1==1){m1=m1+1} ($1==2){m2=m2+1}{m0=m0+1}{mt=mt+$1} END{printf"%d\t%d\t%d\t%d\t%f\t%f\t%f\n",mt,m0,m1,m2,m0/mt,m1/m0,m1/m2}' > qc/test.filt.nodup.srt.pbc.qc
Removing temporary output file bam/test.dupmark.bam.
Finished job 3.
3 of 6 steps (50%) done

rule bam2bw:
    input: bam/test.filt.nodup.srt.bam
    output: bigWig/test.filt.nodup.srt.bw, bigWig/test.filt.nodup.srt.gs
    jobid: 1
    wildcards: sample=test

RuleException in line 115 of /home/huh025/chip-seq-pipeline/bin/Snakefile:
NameError: The name 'print 1000000/$1' is unknown in this context. Please make sure that you defined that variable. Also note that braces not used for variable access have to be escaped by repeating them, i.e. {{print $1}}
Sat Jul 29 14:48:26 PDT 2017 # Analysis finished
