Sat Jul 29 14:07:58 PDT 2017 # Analysis Began
Provided cluster nodes: 1000
Job counts:
	count	jobs
	1	bam2bw
	1	bam_finalize
	1	bam_markdup
	1	phantom
	1	vanilla
	5

rule bam_markdup:
    input: qc/test.filt.flagstat.qc, bam/test.filt.srt.bam
    output: qc/test.dup.flagstat.qc, bam/test.dupmark.bam
    log: logs/markdup/test.markdup.log
    jobid: 4
    wildcards: sample=test
    threads: 3

java -Xmx12G -XX:ParallelGCThreads=3 -jar /home/shz254/Pipelines/chip-seq-pipeline/bin/../dependencies/picard.jar MarkDuplicates TMP_DIR=tmp/test INPUT=bam/test.filt.srt.bam OUTPUT=bam/test.dupmark.bam METRICS_FILE=qc/test.dup.flagstat.qc VALIDATION_STRINGENCY=LENIENT ASSUME_SORTED=true REMOVE_DUPLICATES=false 2> logs/markdup/test.markdup.log
Error in job bam_markdup while creating output files qc/test.dup.flagstat.qc, bam/test.dupmark.bam.
ClusterJobException in line 61 of /home/shz254/Pipelines/chip-seq-pipeline/bin/Snakefile:
Error executing rule bam_markdup on cluster (jobid: 4, external: 9277441.tscc-mgr.local, jobscript: /home/shz254/Pipelines/chip-seq-pipeline/example/.snakemake/tmp.c2t055fx/bam_markdup.4.pbs). For detailed error see the cluster log.
Job failed, going on with independent jobs.
Exiting because a job execution failed. Look above for error message
Sat Jul 29 14:09:26 PDT 2017 # Analysis finished
